Intentando registrar: 
Usuario: ryan
Email: najeraalex285@gmail.com
Intentando registrar: 
Usuario: brian
Email: ing.brianherrera@gmail.com
Intentando registrar: 
Usuario: jorge
Email: jorge45@gmail.com
Intentando registrar: 
Usuario: Eduardo Iraheta
Email: eduardoiraheta14@icloud.com
Intentando registrar: 
Usuario: Walter
Email: eduardoiraheta340@gmail.com
Intentando registrar: 
Usuario: ryan
Email: najeraalex285@gmail.com
Intentando registrar: 
Usuario: ryan
Email: najeraalex285@gmail.com
Intentando registrar: 
Usuario: alex
Email: alex2025@gmail.com
